<?xml version="1.0" encoding="UTF-8"?>
<!-- Generated by org.testng.reporters.JUnitReportReporter -->
<testsuite hostname="Prathameshs-MacBook-Air.local" failures="0" tests="1" name="Selenium101.Self.AppTest" time="2.564" errors="0" timestamp="20 Jul 2024 04:21:44 GMT" skipped="0">
  <testcase classname="Selenium101.Self.AppTest" name="shouldAnswerWithTrue" time="2.564"/>
</testsuite> <!-- Selenium101.Self.AppTest -->
