<?xml version="1.0" encoding="UTF-8"?>
<!-- Generated by org.testng.reporters.JUnitReportReporter -->
<testsuite hostname="Prathameshs-MacBook-Air.local" failures="0" tests="1" name="Selenium101.Self.testScenario3" time="10.382" errors="0" timestamp="05 Aug 2024 18:57:20 GMT" skipped="0">
  <testcase classname="Selenium101.Self.testScenario3" name="formFilling" time="10.382"/>
</testsuite> <!-- Selenium101.Self.testScenario3 -->
